Cloning, syncing, and pushing changes for changelog
Saved working directory and index state WIP on master: 393d572 business: add missing business plugins changes
On branch master
Your branch is behind 'origin/master' by 2 commits, and can be fast-forwarded.
  (use "git pull" to update your local branch)

Untracked files:
  (use "git add <file>..." to include in what will be committed)
	auto_commit.sh

nothing added to commit but untracked files present (use "git add" to track)
Your branch is behind 'origin/master' by 2 commits, and can be fast-forwarded.
  (use "git pull" to update your local branch)
Updating 393d572..7bde3cd
On branch master
Your branch is behind 'origin/master' by 2 commits, and can be fast-forwarded.
  (use "git pull" to update your local branch)

Changes not staged for commit:
  (use "git add <file>..." to update what will be committed)
  (use "git restore <file>..." to discard changes in working directory)
	modified:   .gitignore

no changes added to commit (use "git add" and/or "git commit -a")
Dropped stash@{0} (b1ad991b079b6c709136ef4361f875c6a5dc768e)
[master a4e69e9] Sync changes from stash
 1 file changed, 1 insertion(+)
[master 919aa2f] Sync changes
 1 file changed, 87 insertions(+)
 create mode 100755 auto_commit.sh
Cloning, syncing, and pushing changes for docs
Saved working directory and index state WIP on master: b98038e Update relationships.md (#565)
On branch master
Your branch is behind 'origin/master' by 2 commits, and can be fast-forwarded.
  (use "git pull" to update your local branch)

Untracked files:
  (use "git add <file>..." to include in what will be committed)
	auto_commit.sh

nothing added to commit but untracked files present (use "git add" to track)
Your branch is behind 'origin/master' by 2 commits, and can be fast-forwarded.
  (use "git pull" to update your local branch)
Updating b98038e..1ba925e
On branch master
Your branch is behind 'origin/master' by 2 commits, and can be fast-forwarded.
  (use "git pull" to update your local branch)

Changes not staged for commit:
  (use "git add <file>..." to update what will be committed)
  (use "git restore <file>..." to discard changes in working directory)
	modified:   .gitignore

no changes added to commit (use "git add" and/or "git commit -a")
Dropped stash@{0} (da1bc7bff6622d38a280506167b318da17f61b99)
[master 89940f9] Sync changes from stash
 1 file changed, 1 insertion(+)
[master a8f5b20] Sync changes
 1 file changed, 87 insertions(+)
 create mode 100755 auto_commit.sh
